1x16 3x14 1x13 29485294x20
22770678x20
6595337x20 1x14
4x16 1x14 14777538x20
3x16 1x13 4953538x20
3161939x20 1x16
25968965x20 1x16 1x14 1x13
17323106x20 1x16 1x14 1x13
30113694x20 2x16 1x14
13713647x20 2x16 1x13
4x16 44101030x20
3x16 1x14 1x13 35393342x20
7495368x20 2x16
36902819x20 1x16
39694106x20 3x16
42187342x20 1x16 1x14
3x16 1x13 25773599x20
30497835x20 2x16 1x14
4x16 1x13 47633843x20
4x16 24558904x20
15110361x18
4x17 29379864x18
19949224x18 2x17
1x17 2x14 1x10 34775573x18
7778621x18 3x17
13975258x18 2x17 1x14
46496014x18 2x14
2x17 1x14 1x10 50317695x18
13715461x18 2x14 1x11
51449176x18 3x14
3992381x18 2x17 1x14
3x17 1x10 54298421x18
43005083x18 1x17 1x14
6421650x18 2x14 1x11
4x17 30217077x18
3x17 1x14 52329150x18
10952315x18 2x17 1x14
2x17 1x14 1x10 1210917x18
12548282x18 2x14 1x11
26231134x18 1x17
3x15 2x11 50361575x19
20842599x19
15792752x19 2x12
4x15 1x11 29753607x19
3x15 2x11 30180758x19
28874731x19 1x12
1661076x19
24554968x19 2x15 1x12
4x15 23961365x19
39913650x19 1x12
36232070x19 3x12
21743168x19 2x15 1x12
33117017x19
51653391x19 1x15 1x12
3x15 2x11 17754405x19
38115579x19 1x12
23396224x19 2x15 1x12
3x15 2x11 11571724x19
2x15 3x12 30003060x19
2428249x19 1x12
2x18 2x11 11152790x19
2x18 1x17 1x11 26990582x19
2x18 2x11 11633717x19
2x18 1x17 1x11 24524735x19
2x18 2x17 49921254x19
25333349x19 1x18 2x11
4x17 35448289x19
2x18 1x17 1x11 41301927x19
52451471x19 2x11
3x17 1x11 2759718x19
4x17 13905058x19
2x18 1x17 1x11 45160330x19
3x17 1x11 1860990x19
2x18 1x17 1x11 22703766x19
4x17 1395208x19
34640190x19 1x18
35884107x19 1x18 2x11
1x18 2x17 1x11 23974916x19
1x18 2x17 1x11 29777403x19
20902989x19 2x18 1x11
1203418x19 2x15
5x15 26190988x19
50234803x19 2x15 2x12
24351768x19 1x12
685083x19 1x15 1x10
2323658x19 2x15 1x12 1x10
4x15 47011364x19
24877686x19
5x15 7628105x19
48922192x19 2x12
22288107x19 2x15 2x12
14003498x19
3177449x19 1x15 1x12
4x15 44203590x19
5x15 15572986x19
964906x19 3x15 1x10
15405205x19 1x15 1x12
47764270x19 2x15 1x10
5278468x19 2x15 1x12 1x10
15872461x19 2x15 1x12 1x10
1x18 4x11 12051143x19
16352718x19 3x11
40140113x19
39395822x19 2x11
3x18 1x9 48427686x19
29980630x19 2x18
20581672x19 1x18 2x11
26917841x19 1x18 2x11
3076872x19 3x11
7917333x19 1x18 2x11
2x18 3x11 22701283x19
52263285x19
20705604x19 2x18
3x18 1x9 37959387x19
2x18 3x11 10758238x19
19090507x19 1x18 3x11
1x18 4x11 36093115x19
1x18 4x11 4677661x19
3x18 1x11 38020165x19
7467818x19 1x18 3x11
3x18 1x16 30593842x19
1x16 3x15 29825991x19
1x18 3x16 33338467x19
4x15 46971420x19
33139357x19 3x18
1x18 2x16 1x15 22891850x19
2x18 1x16 1x15 35384762x19
2x18 1x16 1x15 6508791x19
3x16 1x15 12879937x19
32308156x19 3x18
4x16 43523227x19
4x18 15526097x19
9707937x19
1x18 2x16 1x15 47589112x19
4x15 44821422x19
3x18 1x16 38510901x19
4x16 20816547x19
45927399x19 3x18
1x18 3x16 41257732x19
1x18 2x16 1x15 23898920x19
3x17 2x12 19093671x20
40764725x20 1x12
34308263x20 3x17 1x8
46645719x20 3x17
3x17 2x12 35216041x20
18497014x20 1x17 1x12
38896908x20
19976974x20 1x17 2x12
4x17 909025x20
3x17 2x8 2390974x20
36862263x20 2x17 1x12
4x17 1x5 28626353x20
40470133x20 2x17 2x12
44075738x20 2x17
42239712x20 2x17 1x8
5234997x20
3x17 2x8 19468755x20
16136902x20 2x17 2x12
35757597x20 3x17 1x8
26345943x20 1x17 1x8
26744988x18 1x1
9095828x18 2x11
7010264x18 1x11
43471741x18 2x12
10742221x18 4x11
35755939x18 1x1
20358700x18 1x12 3x11
26014980x18 1x11
31616120x18 3x11
9143866x18 1x12 2x11
54843147x18 2x12 1x11
53582950x18 2x12 2x11
52060481x18 3x11
48953781x18 2x12
37476329x18 1x11
30294280x18 1x11
48632206x18 1x3
30290571x18 1x12
19299866x18 2x12 1x11
18608102x18 1x1
2x19 2x17 6450322x20
18315903x20
45872408x20 2x19
22099017x20
29581960x20 3x19
35898883x20 2x19
2x19 2x17 13720204x20
46595491x20 2x17 1x12
1x19 2x17 1x12 28776205x20
3x19 1x4 9068994x20
1x19 3x17 40926493x20
3x19 1x12 42391259x20
3427973x20 2x19 1x17
2x19 2x17 8612046x20
9392786x20 3x17
2x19 2x12 1774655x20
2x19 1x17 1x12 34589761x20
2272333x20 3x17
30080685x20 1x19
15020326x20 2x17 1x12
3x15 1x10 47205457x17
14426610x17 2x15
3x15 1x7 55623036x17
22429170x17 3x15
36536407x17 1x15
3x15 1x9 47739749x17
24811070x17 1x15
3x15 2x10 51565494x17
3x15 1x9 49084928x17
10267082x17 1x15 1x9
4x15 19213243x17
3x15 1x7 50449427x17
52938923x17 1x15 1x10
3821015x17 1x15 1x10
3x15 1x9 32636717x17
4x15 18725311x17
21734211x17 1x15 1x10
3x15 1x7 36028521x17
3x15 2x9 46356210x17
4x15 1x7 26063210x17
14636048x19 2x18
1x18 3x17 17269414x19
9423604x19 1x18
2x17 2x12 38131096x19
43007385x19 2x18
4x18 27719425x19
3x17 1x12 48004488x19
3x17 1x11 34884295x19
356649x19
2x18 2x17 25482854x19
3x18 1x17 32314150x19
3x17 1x11 44420506x19
3x18 1x17 14991964x19
3x18 1x12 5794132x19
3x17 1x12 11958059x19
3x17 1x12 38244059x19
42167798x19 2x18
2x17 2x12 51390388x19
8043649x19 3x18
3x17 1x12 14984782x19
26601195x20 2x17
2x17 2x15 28896896x20
1826029x20 1x17 1x6
4x17 10207801x20
26871157x20 1x17 1x15
2x17 2x15 35992021x20
3x17 1x15 41392385x20
26905857x20 2x17
17728384x20 3x17
11635223x20 2x15
11630787x20 1x15
30225650x20 2x17 1x15
11305185x20 1x17 2x15
37002833x20
4x17 1x10 6167147x20
4x17 1x10 10183842x20
2x17 2x15 23344726x20
2x17 3x15 16449894x20
13442660x20 2x15
28717284x20 2x17 1x15
15288591x10 1x8 1x7
4x8 1x7 37584686x10
15541763x10
84097489x10 3x8
74082241x10 2x8 1x7
38857447x10 1x8 1x7
4x8 1x7 69153592x10
3x8 1x7 68149037x10
9357440x10 1x7
83517505x10
2061472x10 1x8
24305749x10 3x8
69337528x10 2x8 1x7
81104481x10 2x8
51385691x10 2x8
4x8 33198003x10
37868130x10 2x8 1x7
12538185x10 3x8
96981924x10 1x8
43630657x10
39063739x18 1x13 1x10 1x4
51430174x18 3x13
53811585x18 2x13
28628931x18 3x10
5462371x18 1x13
48119566x18 2x13
5x13 51088163x18
21794918x18 2x10
9428341x18 2x10
17004250x18
5x13 29190787x18
5x13 11126072x18
40340350x18 1x4
1745297x18 2x10
18435249x18
10236965x18 1x13 1x10 1x4
2293875x18 1x10
48639812x18 1x13 1x10 1x4
49779817x18 3x13
38897776x18 4x13
5304292x19 2x17
50119495x19 2x17 1x13
50159518x19
42405718x19 1x17
13157858x19 1x12
3x17 1x12 26372543x19
4x17 13763949x19
2x17 2x13 21637085x19
1340739x19
2x17 3x13 50653673x19
2x17 3x13 3487446x19
10345488x19 2x17 1x12
2x17 2x12 38017706x19
3x17 1x13 26695447x19
2x17 2x12 50724193x19
2x17 3x13 25011793x19
3x17 2x12 26550540x19
3x17 1x12 27541092x19
29928448x19 1x17 1x13 1x12
24579400x19 3x17
3x17 1x14 37640072x19
1x17 3x14 29579742x19
1x18 2x17 1x14 37184380x19
2x17 2x14 27691311x19
4x17 21975058x19
1x18 1x17 1x14 1x12 38170229x19
2x17 2x12 24205107x19
2x18 2x17 1891858x19
3x18 1x17 23648955x19
3x17 1x14 37543094x19
2x17 2x14 43492975x19
1x18 1x17 1x14 1x12 22183937x19
1x17 3x14 47561417x19
4x18 21228828x19
4x18 42470171x19
1x17 3x14 47870504x19
28717114x19 1x18
4x17 21468623x19
2x17 1x14 1x12 29373255x19
3x17 1x14 8058605x19
39817264x20 2x16 1x15
44664281x20 1x16 1x15
1059734x20
7756921x20 3x15
2x16 3x15 14605763x20
5640428x20
20827307x20 3x15
2x16 2x15 1x11 44881601x20
2x16 2x15 11287223x20
3735475x20 2x16
18375246x20 2x16
21379759x20 1x15
30736136x20 1x16 1x15
43090860x20 1x16
23052803x20
34835929x20 1x16
3x16 1x15 47293555x20
5794852x20 3x16
30093722x20
25578036x20
9350427x20 3x17
18943813x20 1x17 1x16
2x17 2x16 33104156x20
4x16 1x11 45155762x20
4x16 2779751x20
15656020x20
39820293x20 1x17 1x16
29640527x20 3x17
43910173x20 3x17
3x17 1x16 25583401x20
3x16 1x13 10920498x20
1x17 2x16 1x13 1139906x20
2x17 2x16 25579625x20
4x17 35881774x20
4x17 15874701x20
34735013x20 2x16
27692057x20 2x17 1x16
1x17 2x16 1x13 21814194x20
45692742x20 1x17
2x17 2x16 44109283x20
1473011x20 2x13 1x9
27457226x20 2x9
33485664x20 1x13 2x9
32417723x20 1x13 2x9
36546806x20 1x13
18883537x20 2x13 1x9
18103647x20 3x13
41219818x20 2x13
4328198x20 1x5
29122975x20 1x1
41522472x20 3x13 1x9
19666696x20 1x13
38086366x20 2x13
16946854x20 1x1
13872291x20 2x13 1x4
1994921x20 2x9
31244560x20 2x7
6384644x20 3x13
11678761x20 3x13
19038760x20 3x13 1x9
3x17 1x4 11313839x18
4x16 24927146x18
3x17 1x10 51483125x18
2x17 1x16 1x10 43535454x18
1x17 2x16 1x10 48567239x18
1x17 3x16 19426237x18
2x17 1x16 1x10 37099293x18
3x16 1x10 34545868x18
25121929x18
44171088x18
2x17 2x16 51192016x18
2654688x18 3x17
4x17 9096438x18
3x17 1x4 45617075x18
2x17 2x16 15817799x18
2x17 2x16 3467404x18
2x17 2x16 51323026x18
39969211x18 1x17
3x16 1x10 12980365x18
2061710x18 2x17 1x10
46159026x18 1x11
8662458x18 1x8
30913469x18 1x14 1x11
18442235x18 2x14 1x11
3361388x18 2x11
36785499x18 1x14
28598725x18 1x14 1x11
53916927x18
42770858x18 3x14
25731x18 2x14
17026047x18 3x14
9458677x18 2x14 1x11
26113326x18 1x11 1x8
43179348x18 2x14 1x11 1x6
5388314x18 1x14
36114976x18 2x14 1x11
4x14 53171757x18
5401318x18 3x11
3255638x18 1x11
34615305x18 1x14
2x16 2x15 9319398x20
27780088x20 1x15
2x16 3x15 27076148x20
20449692x20 1x16
1x16 3x15 23217640x20
4x16 1x10 11089124x20
4x16 1x15 42621959x20
15360000x20 3x16
15705103x20 1x15
3x16 1x15 7618553x20
4x16 1x15 26213845x20
2x16 3x15 14599756x20
26923566x20 1x15
4263737x20 1x15
2x16 2x15 20216432x20
3x16 1x15 1x10 34126347x20
3x16 1x15 1x10 46456580x20
5944695x20 1x15
18785261x20 2x16
1x16 3x15 47172597x20
11825853x15 3x12
20753910x15 3x14
4x12 62086332x15
61793242x15
1x14 3x12 50655411x15
52448842x15 2x14 1x12
2x14 2x12 18653591x15
4x12 32891325x15
31752633x15
10358598x15 2x12 1x10
8460288x15 2x12 1x10
27128273x15 3x14
4x12 49166328x15
3x14 1x12 32536518x15
32536135x15 1x14
1x14 3x12 187116x15
2x14 2x12 42651426x15
24961758x15 1x14
33396206x15 2x14
2x14 2x12 27778531x15
2x17 2x14 1x13 51980533x19
2x17 2x14 1x13 2032550x19
1x17 3x14 25074944x19
1x17 4x14 26844739x19
26492062x19 2x17
4x17 34942630x19
1x17 3x14 25357279x19
13778189x19
9189409x19 2x17 1x14
2x17 2x14 47317964x19
2x17 2x14 1x13 26196602x19
3x17 1x13 51126096x19
1x17 3x14 34299379x19
1x17 3x14 21172095x19
48266340x19 1x17
4346179x19 1x17 1x14
12492627x19 2x17 1x14
3x17 1x14 21885295x19
1x17 2x14 1x13 27928793x19
35148872x19 1x17 1x14
1x14 3x13 18766252x16
41760532x16 1x14
1x14 3x13 1x10 44345116x16
55043600x16 3x14
61787686x16 2x14
38690348x16 2x14
4x14 15026697x16
389133x16 2x14 1x13
4612110x16 1x14 1x13
38099848x16 3x14
17050882x16 1x14
33512445x16 3x14
37440816x16 2x14 1x13
3x14 1x13 53704628x16
2115621x16 1x14 1x13
23938950x16 1x13
39535973x16 2x14
3x14 1x13 4959504x16
1x14 2x13 1x10 16523745x16
4x14 17552642x16
17180431x20 1x14 1x11
495282x20
20876536x20 4x14
18877941x20 3x14 1x13
15717723x20 2x13 1x11
9591730x20 3x14
6408686x20 2x14 1x13
21525234x20
40740230x20 2x14
46148219x20 1x14 1x13
38066183x20 3x14
7647896x20 3x14
34328624x20 2x13 1x11
12110328x20 2x14
16309523x20 1x14 1x13 1x11
26508048x20 1x13
14979176x20 2x13
11917233x20 2x14
32308566x20 2x13 1x11
5x14 25076698x20
3x18 1x15 46157014x20
1x16 3x15 17305510x20
33857033x20 1x18
13953066x20 2x18
16354929x20 2x18
33301291x20 2x18
3x18 1x16 22813854x20
1x18 3x16 25456494x20
1x18 3x16 26696075x20
4x18 30378481x20
2x16 3x15 43377806x20
38983729x20 2x18
36203924x20
2x18 2x16 38979959x20
4x16 327676x20
10628240x20 1x18
3x16 1x15 3939909x20
36974993x20 1x18
3x18 1x15 22253757x20
46991389x20
47634466x18 3x13
50541593x18 3x17
3x17 1x13 3891098x18
51963684x18 2x17 1x13
49279127x18 2x13
37229263x18 3x17
7335777x18 3x13
2x17 2x13 29219841x18
49698315x18 1x13 1x9
1x17 3x13 38818677x18
4x17 34208028x18
6386693x18 1x13
4x17 12572013x18
4x17 21208955x18
13156235x18 1x17
27718860x18 3x13
46938772x18 1x13 1x9
1728585x18 3x17
4x17 43680760x18
43554701x18 3x17
13437190x18 2x15 2x10
3x15 2x10 31510023x18
3x15 1x10 40468237x18
13361599x18 2x15 2x10
32168983x18 1x15
26799360x18 1x3
36802930x18 2x15
38178892x18 2x15
28559122x18 2x15 2x10
3x15 1x10 1x4 31630626x18
5905197x18 1x15 2x10
54724732x18 2x15
44733113x18 2x15 2x10
2709384x18 2x15
3x15 1x10 21824129x18
40884925x18 3x15 1x4
33696439x18 1x15 2x10
3x15 2x10 54756349x18
9696360x18 2x15 1x10
3x15 1x10 42986694x18
3486330x16 3x15
4x15 1185951x16
2x15 2x10 1x9 40344319x16
1x15 2x10 2x9 31891599x16
2x15 1x10 1x9 8905328x16
40694406x16 2x15 1x10
10204887x16 2x10
18809143x16 3x15
2x15 2x10 1x9 49132290x16
10454028x16 1x15 2x10
29349556x16 2x10
42848226x16 1x15
2x15 2x10 14501014x16
44554406x16 2x15 1x10
2x15 2x10 29764603x16
3x15 1x9 31809982x16
24065590x16 1x15 1x10
53465808x16 2x15 1x10
23702140x16 3x15
61804888x16 2x10
2x15 1x13 1x12 55261774x18
27605193x18 2x15 1x13
2x15 1x13 1x12 43027947x18
1803806x18 1x15
3x15 1x13 9725961x18
49080435x18 1x13
5x13 55470053x18
36477925x18 3x15
2x15 1x13 1x12 11598470x18
3x15 1x12 35251005x18
2x15 2x13 1x12 34860626x18
13316935x18 2x15
2x15 1x13 1x12 53611495x18
41002224x18 3x15
14343734x18 2x15 1x13
10891195x18
3x15 1x13 1x12 38252294x18
37358164x18 1x13
28204096x18 2x13
4x15 1437995x18
65098928x15 1x13
4x13 24707608x15
37382473x15 1x12
1x13 3x12 55356754x15
2x13 2x12 61062610x15
20126403x15 1x13 1x12
4x13 56564796x15
2x13 1x12 1x8 14901827x15
64735997x15 2x13 1x12
13548423x15 2x13 1x12
13577230x15 1x13 1x12
3x13 1x8 43598388x15
4x13 34860023x15
7519728x15 1x13
3x13 1x8 466859x15
3x13 1x12 1x8 52326124x15
2x13 2x12 57232795x15
32014796x15
2x13 1x12 1x8 49133820x15
3x13 1x12 1x8 22055806x15
39631882x20 2x18
16076779x20
4x18 18195782x20
1x18 2x17 1x13 45119184x20
33850731x20 2x18 1x17
4x17 37260710x20
1x18 3x17 39318621x20
41608985x20 1x18
3x18 1x17 46393945x20
1x18 3x17 1x10 22248519x20
19298338x20
3x18 1x17 15259425x20
40134116x20 2x18 1x17
18696736x20 1x17
4x18 2897566x20
15256352x20 2x18 1x17
4x17 41040976x20
1x18 3x17 1x10 31269694x20
1x18 3x17 1x10 28695893x20
3x17 1x10 27126236x20
4x16 49297927x20
3x16 1x15 26842132x20
2195331x20 1x16
19527807x20 1x16 2x15
8173341x20 1x15
4x16 1x15 24796229x20
3x16 2x15 13422888x20
3248717x20 2x16 1x15 1x7
10696363x20 1x16
40543264x20 1x16
5962376x20 1x16 1x15
32421052x20 1x16 1x15
17389807x20 1x16
41787090x20 1x15
13162000x20 3x16
11801928x20 3x15
34501772x20 1x15
4x16 1x15 14940407x20
1x16 3x15 17158642x20
37249460x20 2x16 1x15 1x7
3x14 1x9 48201557x15
13451050x15 3x14
41961985x15 2x14 1x9
531900x15 1x14 1x9
44081146x15 1x14 1x9
2x14 2x9 16584261x15
6435771x15 1x14
65312723x15
3x14 1x9 4310892x15
4x14 41085351x15
48423428x15 1x14 2x9
2x14 3x9 11277055x15
4302784x15 1x14 1x9
59997792x15 2x14 1x7
3x14 1x6 14849733x15
9052472x15 2x14 1x9
6189480x15
2x14 3x9 43826499x15
3764092x15 1x9
3x14 1x6 26869881x15
37993942x20 3x13
21872621x20 1x11
34041744x20 2x11
13248729x20 2x13 1x11 1x10
23573381x20 1x13 2x11
48075518x20 2x13 1x11 1x10
15894913x20 1x13 1x11 1x10
35391894x20 2x13 2x11
41015741x20 1x13 1x10
38450259x20 1x9
24387370x20 3x13
40560342x20 1x9
45601612x20
47951138x20 2x13 1x10
15326639x20
6844545x20 1x13 2x11
48650450x20 1x11 1x10
24572476x20 1x13 1x10
1793213x20 1x10
45806817x20 1x13 1x10
6551474x15 1x14 1x10
24342336x15 2x14 1x3
16328776x15 1x6
56120168x15 1x14
1144585x15 1x10
49669091x15 2x14 1x3
34922951x15 1x14 1x10
33462456x15 1x14
17975807x15 1x10
2073815x15 2x14 1x10
2x14 2x10 16769370x15
39076132x15 1x10
3x14 1x10 30750593x15
3x14 1x5 1338768x15
3x14 1x5 28876624x15
51842217x15 1x14 1x10
14845498x15 1x14 1x10
47701962x15 3x14
6985888x15 2x14 1x10
2x14 2x10 30434616x15
3x19 1x10 8077154x20
13307801x20 1x19 1x10
28972127x20 2x19
694899x20 3x19
3x19 2x8 24870239x20
3x19 2x8 49560946x20
32064931x20 2x19 1x8
3x19 2x8 11852084x20
43679716x20 1x19 1x2
3x19 1x10 1x7 1939873x20
17696560x20 2x19
3x19 1x10 1x8 34106839x20
3x19 1x8 18202373x20
43272x20 1x19 1x10
3x19 2x7 32665509x20
3x19 1x7 30111055x20
3x19 1x10 1x7 15028370x20
3x19 2x7 36340347x20
46699568x20 1x19
27840605x20 1x19 1x10
3x19 1x9 49944486x20
3x19 1x9 1x6 6730714x20
3x19 1x6 4717429x20
23042677x20 1x19 1x2
5232448x20 1x2
7662811x20 1x19 1x2
4x19 34459170x20
21831921x20
33419924x20 1x19 1x9
3x19 1x8 2445728x20
19223309x20 1x2
14118935x20 1x19 1x9
3x19 1x8 1x6 27584511x20
3x19 1x6 33456743x20
3x19 1x9 1x8 12210898x20
22552156x20 2x19 1x6
3x19 1x9 42299449x20
6527582x20 3x19
3x19 1x6 3125942x20
3x19 2x9 31809834x20
4x14 18363916x18
46919782x18 1x16 1x3
22497575x18 2x16
2x16 2x14 50701660x18
42435723x18 1x16 1x3
3x16 1x14 22742176x18
42363748x18 2x16
14395519x18 3x16 1x3
12196743x18 2x16 1x3
1x16 3x14 48080457x18
8993524x18 3x16
23214568x18 2x16
3x16 1x14 1x3 29107617x18
1x16 3x14 1x3 19869946x18
2x16 2x14 42920421x18
42388467x18 1x16 1x3
49729225x18 1x3
2x16 2x14 53101948x18
4x14 26157092x18
4x14 1x3 37376702x18
1x16 3x14 11465228x17
3x16 1x13 57259743x17
3x16 1x13 19325009x17
1x14 3x13 40208465x17
4x14 12605014x17
55061226x17 1x16
3x16 1x14 24656734x17
1x16 2x14 1x13 7255930x17
3x16 1x13 26154392x17
2x14 2x13 12502848x17
40663140x17
4x13 11446020x17
2x16 2x14 7205594x17
18688991x17
3x14 1x13 31358733x17
6873183x17 2x16 1x14
4x13 49044962x17
4x13 14731809x17
2x16 1x14 1x13 37143927x17
40004060x17
17484454x20 2x18
3x18 1x16 43582992x20
29884698x20
34211923x20 2x18
2x18 2x16 11848489x20
3x18 1x16 30852328x20
2x18 2x16 22675919x20
4x16 1x11 24847259x20
4x18 1x1 35592418x20
3x18 1x16 1189058x20
2x18 1x16 1x11 39609854x20
46776281x20 3x18
33143372x20 1x18
9119459x20 1x18 1x11
3x18 1x11 27016638x20
3x18 1x16 11532184x20
12594652x20 1x18
13706951x20 1x18 1x11
2x18 2x16 22239866x20
4x18 44954479x20
48556880x19 1x4
46160510x19 2x15 1x9 1x7
2029398x19 3x15 1x9
5x15 31962569x19
36867213x19 3x15
4x15 1x9 4460770x19
46004941x19 1x15 1x9
14962151x19 2x15
41569933x19
34445541x19 1x15
32012384x19 3x15 1x9
9888499x19 2x15 1x6
39448245x19 1x15 1x9
44844338x19 2x15 1x9 1x7
29443600x19 1x4
17448126x19 2x15 1x6
20730525x19 3x15
4x15 1x7 24636051x19
48362365x19 1x15
45130084x19 3x15 1x9
3x17 1x13 1x11 14270502x20
694671x20 2x17 1x11
4x17 1x8 16574347x20
39413160x20 2x13
48061598x20 1x13
40397092x20 2x13
10522190x20 2x17
3x17 1x13 2929696x20
19994183x20
19481194x20 2x17 1x13
3x17 1x11 1x10 33341031x20
49811787x20
3x17 1x11 6051516x20
1x17 4x13 33753974x20
4x17 1x8 22421886x20
39182120x20
3x17 1x13 1x11 15868846x20
4111013x20 1x17 2x13
4x17 27500044x20
22432527x20 3x17
4032798x20 2x14 1x11
38398786x20 1x14 1x11
43156867x20 1x12
29380239x20 1x14 1x11
5x14 25726680x20
41525501x20 1x14 2x12
1097209x20 1x12 1x11
23945043x20 1x14
48505492x20 3x14 1x11
8993253x20 1x1
17063900x20 2x12
34235254x20 1x12
33299740x20 1x12
3980221x20 2x14
4046048x20 2x14 1x11
30246988x20 2x12
28852354x20 2x12
14374770x20 1x12
42680777x20 1x14 2x12 1x11
47951810x20 1x12
3x14 1x13 1122757x17
2x14 2x13 7670261x17
45706867x17 2x16
2x16 1x14 1x13 45601497x17
35912208x17 2x16
1x14 3x13 57143764x17
1x16 2x14 1x13 48851232x17
47742929x17 1x16
1x14 3x13 3678343x17
3x14 1x13 15644065x17
2x16 1x14 1x13 26844149x17
2x14 2x13 29913365x17
4x13 41369982x17
4x13 40037619x17
2x16 2x14 37104320x17
1x14 3x13 39310381x17
1x16 3x14 26103267x17
22360378x17
44151421x17 2x16
2x16 1x14 1x13 53667627x17
1x17 3x14 30644625x19
37444462x19 2x17
28464250x19 1x17 1x14
39305205x19 2x17
27090754x19
28670074x19 3x17
26788539x19 1x14
4x17 51013360x19
4x17 43778199x19
14859767x19 3x17
3x17 1x10 47831185x19
25266165x19 1x17 2x14
16058081x19
3x17 1x14 1x10 10397803x19
2x17 2x14 50326149x19
4x17 6127222x19
30350618x19 1x17 2x14
1x17 3x14 41901700x19
8844296x19 1x17 1x14
2x17 2x14 19775629x19
16490762x16 2x15
382917x16 2x15 1x10
4x15 55941986x16
33755536x16
36883094x16 2x15 1x12
10478862x16 1x15 1x12 1x10
56704551x16 1x15 1x12 1x10
9214812x16 1x15
22988292x16 2x15 1x10
4x15 7347721x16
2x15 2x10 50674350x16
25688063x16 1x15 1x12 1x10
2x15 2x10 13505109x16
46485465x16 1x15
2x15 2x12 33820216x16
25384802x16
58536739x16 1x15 1x12
24981331x16 1x15
1x15 2x12 1x10 5485953x16
20206163x16 3x15
4x16 18454938x19
4x15 2548387x19
4891294x19 2x16 1x15
30947504x19 1x16 2x15
47401586x19 2x15
14662058x19 1x16 1x15
1x16 3x15 34588785x19
6782795x19 1x16 2x15
17473773x19 1x16
26944470x19
2719940x19 2x16
33278351x19 1x16 1x15 1x9
3989858x19 2x15 1x9
4876459x19 1x15
41991711x19 2x16 1x15
38674768x19 1x15
5x15 3190181x19
4x16 16886289x19
50619735x19 2x15
2x16 2x15 1x9 39871958x19