12480662x19 2x17
3x15 1x13 5335132x19
1158204x19 3x17
3x15 1x13 17947497x19
42651102x19 1x16
3x15 1x13 42304199x19
3x16 1x15 15033306x19
4x17 28792017x19
3x15 1x13 37807280x19
27180931x19 1x17 1x16
1x17 3x16 30891152x19
28799461x19 2x17
4x16 3361675x19
2x17 2x16 27050936x19
2x17 2x16 6560652x19
2x17 2x16 27699423x19
4x15 24988659x19
45597710x19 2x17 1x16
33712775x19 1x16
4x16 47203062x19
3x14 1x11 27581986x17
3x14 1x10 47409994x17
1x16 2x14 1x10 41447582x17
43570080x17 1x16 2x14
1x16 2x14 1x10 42351536x17
2x16 1x14 1x11 44300017x17
1x16 2x14 1x10 51754165x17
1x16 2x14 1x10 9779338x17
4x16 46587864x17
4x16 22557932x17
1x16 3x14 35350953x17
33211523x17 3x16
3x16 1x11 290530x17
4x14 4174960x17
2x16 1x14 1x11 44571040x17
14139004x17 2x16 1x14
3x16 1x11 40967428x17
1x16 2x14 1x11 17787283x17
3x14 1x11 24712722x17
14952112x17 2x16
1x18 2x17 1x10 26062555x20
4x17 48275970x20
4x17 21832099x20
2x17 2x16 36957604x20
3x17 1x16 17079436x20
23327355x20 3x18
2x18 1x17 1x10 14707948x20
45090490x20 1x17
4x18 13291030x20
41454182x20
4x18 36659346x20
1x18 3x17 29132653x20
4x18 30718595x20
1x17 3x16 38752937x20
103484x20 2x18 1x17
4x16 34147279x20
17586218x20
1x18 3x17 36215152x20
1x18 3x17 1x10 9214322x20
33114073x20 3x18
2x18 1x13 1x12 1x10 24936032x19
45754935x19 1x18 2x13
36134178x19
2x18 1x12 1x10 15835470x19
36102697x19 2x18 1x10
3225486x19 1x18
24765494x19 1x18
43560069x19 1x13
2x18 1x13 1x10 3531355x19
3x18 1x13 47842125x19
30260353x19 2x18 1x10
21529230x19 2x18 1x10
2x18 1x13 1x12 26618309x19
50576124x19 3x18
4x18 15442849x19
4x18 48835058x19
44759391x19 2x18
3x18 1x10 38036357x19
2x18 2x13 12963490x19
19999143x19 1x18 1x13
29716173x18 2x14 1x12
47399319x18 2x14 1x3
9998273x18 1x14 1x3
7629125x18 1x12 1x3
34959469x18 3x14
38489033x18 3x14
7294519x18 1x14 1x3
7092853x18 2x14
14874515x18 1x1
3981450x18 1x14 1x3
6260911x18 1x14
49205266x18 1x14
33304449x18 2x14 1x12 1x3
8117862x18 1x3
4x14 23004742x18
5x14 5628470x18
50100181x18 1x1
54993404x18 1x14 1x12 1x3
5x14 2674074x18
4x14 9448281x18
1423722x14 1x5
65536611x14 2x8
33840057x14 1x9 2x8
54032263x14 1x9 1x8
63548789x14 1x8
48530202x14 1x9
21727030x14 2x8
27610078x14 1x9
46881336x14 2x8
62359217x14 2x9 1x8
27056987x14 1x9 2x8
22774077x14 2x9 1x8
38839270x14 1x9
28823653x14 1x8
36994953x14 2x9 1x8
23417354x14 1x9 1x8
36257034x14 1x8 1x7
34127372x14 3x8
4519757x14 1x9
46979758x14 1x8
2x17 1x12 1x9 24934099x18
40657268x18 1x17
3092796x18 1x12
37786803x18 1x17 1x12 1x9
36050852x18 1x17 1x9
11698623x18 2x17 1x12
46659235x18 3x17
2x17 2x12 46935113x18
4x17 6873076x18
3x17 1x9 25010671x18
4x17 26201606x18
3x17 1x12 55316024x18
23256766x18 1x12 1x9
13295163x18 1x12
2x17 1x12 1x9 29443842x18
8270845x18 1x17 1x9
42487389x18 1x17 1x12
1415550x18 1x12 1x9
6647408x18 1x17 1x12
3364375x18 1x12
21390650x18 1x8 1x5
6840809x18 1x14 1x8 1x5
50341934x18 3x14 1x5
3x14 1x10 1x5 36176265x18
3x14 1x10 1x5 16029854x18
44717660x18
10273339x18 1x8 1x5
3274252x18 2x14 1x5
40680251x18 3x14 1x5
26353805x18 1x8 1x5
31959062x18 1x14 1x5
37354660x18 1x14 1x5
4x14 1x5 21941963x18
26759164x18 1x14 1x5
35254065x18 1x8
4x14 1x5 38672013x18
4x14 1x10 48388334x18
51735021x18 1x14 1x8
3x14 1x10 1x5 9247565x18
16119816x18 1x14
32723038x18 3x15
24263654x18 1x3
747460x18 1x15
38898496x18 3x15
13188629x18 1x15 2x7
5187561x18 1x8
13567168x18 1x8
2285852x18 2x15 1x8
40972796x18 1x3
47679168x18 1x15
4x15 1x7 21217185x18
20753544x18 1x3
15756296x18 1x15 2x7
17547701x18 3x15 1x8
3423838x18 3x15 1x7
42530766x18 1x15 1x8
13495025x18 1x3
46746764x18 1x15
4x15 1x7 24338215x18
33402067x18 2x15 1x7
3x17 1x14 25719026x18
47589373x18 1x17
2x17 2x14 18448197x18
1x17 3x14 45725492x18
1x17 3x14 15806605x18
1x17 3x14 4401000x18
3x17 1x4 45505437x18
18572979x18 2x17 1x9
32668719x18 1x17
33281123x18 1x17 1x14 1x9
46816562x18 1x17 1x14
46740601x18 1x17
3x17 1x14 51573623x18
3x17 1x4 3826698x18
46199206x18 3x17
6508429x18 1x17 2x14
4x17 15783186x18
38984875x18 1x17 1x14 1x9
4x14 17676844x18
4x14 27239834x18
45350114x19 1x13 2x12
16716745x19 2x13
37194730x19
15327780x19 2x11
43628024x19 1x12
11650478x19 3x13
14388896x19 3x12
17402640x19 3x12
25357517x19 2x13
11506287x19
5x13 6199048x19
46893892x19 1x12 1x11
25717082x19 3x13
31089885x19 1x9
29800613x19
36494992x19 1x9
38955426x19 1x13 1x12
21098207x19 3x13
29089165x19 4x13
31929097x19 1x12 1x9
3x15 1x10 7539971x18
1x17 2x16 1x10 29430364x18
1x17 2x16 1x10 46140199x18
3x16 1x10 20424672x18
3x16 1x15 32459238x18
3x15 1x10 22458896x18
1x16 2x15 1x10 27339009x18
38657759x18
2x16 1x15 1x10 21175738x18
1x16 2x15 1x10 51083068x18
11776724x18 1x17
3x15 1x10 39446812x18
3x17 1x16 3073367x18
3x16 1x10 16139707x18
2x16 2x15 1373240x18
14466829x18 3x17
4x17 42784604x18
3x16 1x15 20227655x18
1x16 2x15 1x10 54203466x18
3x16 1x10 4183942x18
8739755x17 1x13 1x6
20877710x17 1x13 2x8
58008430x17 3x13
11769050x17 3x13 1x6
45403594x17 3x13 1x6
36999779x17 3x13 1x6
4x13 1x2 43461660x17
4x13 1x6 12159815x17
49050313x17 3x13 1x5
54250588x17 1x13
2295885x17 1x8
26319700x17 3x13 1x6
5x13 14361604x17
4x13 35405408x17
29699786x17 3x13
18757042x17 3x13 1x6
52642989x17 2x8
690081x17 1x13
16666056x17 2x8
4x13 56880493x17
37319350x20 1x18
3x18 1x11 40353336x20
24833325x20 2x18 1x14
3x18 1x14 1x11 46496698x20
11117107x20
28497604x20
20854602x20 1x18 1x14 1x11
2x18 2x14 1x11 33112483x20
3x18 1x14 1x11 33539068x20
26329719x20 1x18 1x14 1x11
3x18 1x11 2042263x20
4x18 32702861x20
2x18 1x14 1x11 4854011x20
2x18 2x14 20701414x20
3x18 1x12 4231596x20
3x18 1x14 45905266x20
36751781x20
2x18 1x14 1x12 1x11 16486879x20
3x18 1x12 1x11 42886852x20
46587664x20 1x18 1x14 1x11
2x16 2x14 1x11 53849046x18
3x16 1x14 14636740x18
28607954x18 1x11
1x16 3x14 42971640x18
3x16 1x11 6248616x18
21894733x18 2x16 1x11
50883578x18 1x16
24938791x18 1x16 1x11
3x16 1x14 40924293x18
52503554x18 1x16
18712026x18 1x16 1x11
38417432x18 3x16
8841830x18 3x16
1x16 3x14 27784787x18
1x16 3x14 3770004x18
1x16 3x14 1x11 26042102x18
2x16 1x14 1x11 17920192x18
43848877x18 2x16
40905113x18 1x16
1x16 2x14 1x11 5248686x18
3x14 1x9 8230167x16
7234853x16 2x11
38453336x16 2x14
55318446x16 2x11
4x14 12722649x16
3x14 1x9 26381346x16
3x14 1x9 12173625x16
31872926x16 3x14
26237050x16 3x11
17672705x16 1x14 1x11
7808515x16 2x11
3x14 1x9 31900245x16
13955800x16 2x11
57294926x16 2x11
4x14 44191124x16
41511391x16 2x14 1x11
52281223x16 1x14 1x11
3856780x16 1x14 3x11
2x14 3x11 33995408x16
24978004x16 1x14 2x11
1x15 4x14 35317802x20
42080396x20 1x15
1x15 4x14 3889363x20
17151186x20 2x15
1x15 3x14 1x10 599673x20
3x15 2x14 21878668x20
1x15 3x14 1x10 22795551x20
10535832x20 3x15 1x14
34070686x20 1x15
4x14 1x10 27636200x20
6233219x20 1x15
1x15 3x14 1x10 47890627x20
46283077x20 2x14
9831943x20
3295666x20
43748250x20 2x14
32876925x20 2x15
30801596x20 2x15
24367318x20 1x15
4x14 1x10 10134477x20
29996954x19 2x13
24764524x19 3x13 1x11
2410867x19 1x13 1x4
50817128x19 3x13
23813492x19 1x13 1x11
31790799x19 2x13 1x8
17982035x19 2x13
23491100x19 2x13
6729819x19 1x4
51474394x19 3x13
31600708x19 4x13
10921935x19 1x11
9572275x19 1x4
3462829x19
17459006x19
3049149x19 1x8
26260345x19 1x13 1x8
34928899x19 1x8
37681678x19 2x13 2x11
32891856x19 1x13
39226291x16 1x14 1x9
23357577x16 1x14 1x9
30159507x16 3x14
4x14 1x7 58151644x16
26940028x16 1x14 1x9
40418691x16 2x14 1x10
44794162x16 2x14 1x10
16261901x16 2x14
3x14 1x10 1x7 6541056x16
3x14 1x10 1x7 25383807x16
2179362x16 2x14 1x9
12022448x16 1x14 1x9
45770700x16 1x14
3x14 1x10 1x7 51878274x16
3x14 1x10 1x9 23818745x16
31501635x16
16789905x16 2x14
33335027x16 1x14 1x9
39286005x16 1x14
7603640x16 3x14
5x13 46989104x19
208618x19 2x13
45891580x19 1x13 2x11
8912123x19 1x13 2x11
10039224x19 1x13 1x11
38624882x19 1x11
3x13 2x11 19743818x19
14858463x19 2x11
6248003x19 1x13 2x11
39706233x19 3x13
15898759x19 3x13 1x11
3x13 3x11 27914079x19
30922120x19 4x13
33473289x19 4x13
41116484x19 1x13
24606811x19 1x11
32694256x19 2x13 2x11
41351380x19 2x11
39641057x19 1x13
3x13 3x11 2727036x19
3x16 1x14 29912203x19
2x16 3x14 4334340x19
38072792x19 1x16 2x14
1x16 3x14 12878328x19
1x16 4x14 33006268x19
4x16 11011378x19
9151874x19 2x16
30709720x19 3x16
49026429x19 2x14
1192904x19 3x16
19336730x19 2x16 1x8
4x16 1x5 19263908x19
29679459x19 2x16
22671467x19 1x16
26386995x19 1x16 2x14
41790335x19 2x16
1x16 4x14 51539402x19
46179263x19 1x16 1x14
25740934x19 3x14
15195756x19 2x14
2x14 1x12 1x11 61894645x16
1x14 2x12 1x11 12493015x16
1x14 2x12 1x11 18818226x16
2x14 1x12 1x11 21458974x16
48133178x16 1x14 1x11
10238066x16 2x14
2932961x16 2x14 1x11
5359115x16
4x14 53305897x16
1x14 3x12 4715917x16
4x14 9862407x16
22802979x16
36995224x16 1x14
1x14 2x12 1x11 2217746x16
2x14 2x12 1x11 55551784x16
8231115x16 2x14
1x14 3x12 17330331x16
2x14 2x12 10337865x16
23659658x16 1x14 1x11
42466553x16 1x11
43392038x19 1x6
28687765x19 1x15 1x6
30038022x19 3x15 1x1
5x15 46035531x19
28225780x19
5x15 1962264x19
5x15 21655961x19
30629736x19 2x15 1x1
7752671x19 2x15 1x1
49825382x19
52381529x19 2x15
33852484x19 2x15 1x1
9820659x19
4x15 1x11 46480995x19
3x15 2x11 42886182x19
10549292x19 2x15
4258016x19 1x6
49194759x19
12717307x19 1x4
5x15 1172235x19
51698405x19 3x17
30100338x19 1x8
3x17 1x8 43450890x19
3x17 1x15 1x5 14380578x19
4x17 1x5 43914132x19
3x17 1x15 1x5 33215756x19
14839582x19 1x17
5x15 30046057x19
4x15 17790058x19
4x17 1x5 28104949x19
35457645x19 1x17
15786281x19 1x17
5x15 51939811x19
26508534x19
28307706x19
2x17 2x15 52303865x19
38322397x19 2x17 1x5
22095236x19
6455739x19 2x17 1x5
2x17 2x15 1x5 4862245x19
1x15 3x13 14088681x17
1x15 3x13 16833091x17
3x15 1x13 4181604x17
3x15 1x13 19993729x17
4x16 15565581x17
21172059x17 1x16
37449800x17 3x16
4x15 28544571x17
2x15 2x13 27991073x17
3x16 1x15 49193768x17
40278809x17 1x16
3x15 1x13 39852372x17
792087x17 2x16
30441531x17 1x16
1x16 2x13 1x11 819318x17
4x16 10173460x17
1x16 3x13 40967866x17
1x16 1x15 2x13 45708036x17
11935379x17 2x16
4x16 1472823x17
4x17 40789535x20
17805681x20
3068377x20
18791134x20 1x17 1x15
3x17 1x12 46729415x20
21868669x20 1x17
3x17 1x12 28861456x20
12926268x20 2x15
31703509x20 1x15
3x17 1x12 34384473x20
5308580x20
4x17 20137385x20
4x17 20696457x20
39596623x20 2x17
35336893x20 1x15
27416481x20 2x15
17656195x20 3x15
1x17 3x15 36673081x20
7373271x20 2x17 1x15
3x17 1x12 27101813x20
1x17 2x15 2x11 39898285x19
3x17 1x15 10161036x19
49086734x19 2x17 1x8
1x17 3x15 22572543x19
33163916x19 3x17
4x15 29650401x19
1x17 2x15 2x11 13640269x19
5x15 31250398x19
9722559x19
1x17 2x15 2x11 36055036x19
1x17 3x15 1x11 41461771x19
48543300x19 1x17
1x17 2x15 1x11 40259965x19
1x17 2x15 1x11 49623827x19
3x15 2x11 23989223x19
3x17 1x8 36209080x19
39694952x19 1x17
46652847x19 1x8
4x15 45475501x19
4x17 14586851x19
3x17 1x15 29671027x19
3080187x19
1x18 1x17 2x15 48360774x19
4x17 17367953x19
3x18 1x17 29787461x19
4x18 50156117x19
1x18 2x17 1x7 33543321x19
1x18 2x17 1x15 17110044x19
3x18 1x7 52365950x19
1x18 1x17 2x15 19824600x19
2x17 2x15 2266341x19
1x18 3x15 52482546x19
1x18 2x17 1x7 461653x19
3x18 1x7 40041664x19
34228891x19 1x18
1x18 1x17 2x15 25740904x19
1x18 3x15 35842126x19
3x18 1x7 31607488x19
3x18 1x17 11894329x19
25447483x19 3x18
8303431x20 3x17 1x4
35267159x20
11879534x20 2x17 1x4
46109223x20 1x17 1x13
49793224x20 1x17 1x4
34977925x20 1x5
35819384x20 2x17 1x4
743122x20 1x9
24648803x20
43504948x20 1x17
28485485x20 1x17 1x13
19426028x20 1x13 1x9
7551673x20 1x17 1x4
48253735x20 1x13
46718658x20 1x5
5765223x20 1x17
9214989x20
23289074x20
23736393x20 1x17 3x13
10378254x20 1x17 2x13
3x18 1x16 13448739x19
36284777x19 1x16 2x14
12358261x19 1x18
2x16 2x14 15023838x19
47698284x19 3x14
3x16 1x14 3627790x19
9088117x19 3x18
3x16 1x14 51808527x19
3x18 1x16 50042788x19
3103266x19 2x18
3x18 1x5 6978156x19
1x18 3x16 43874711x19
5834560x19 2x16 1x14
19679265x19 2x18
7591937x19 1x18
3x16 1x14 603904x19
36562907x19 3x14
14822583x19 2x18
34151018x19
46696626x19 2x16 1x14
10246353x16
33048761x16 3x13 1x7
20969805x16 1x13
37887015x16 2x13 1x7
45357509x16 3x13
60124011x16 1x6
10338180x16 3x13 1x5
28005677x16
7972354x16 1x13 1x5
34138207x16 2x13
62473708x16 1x13
13586767x16 2x13 1x7
10786517x16 1x13
39788952x16 3x13 1x7
30668816x16 2x13 1x5
38875234x16 1x13 1x6
53991766x16 1x13 1x5
42726147x16 3x13 1x5
19415116x16
43759437x16 2x13 1x5
4x19 4754381x20
2x18 1x17 1x9 10996612x20
4x19 9197702x20
22824338x20 1x19
1x18 3x17 5561786x20
1x19 3x18 3590382x20
2x19 2x18 2513812x20
33808461x20 3x19
1x17 3x16 11843747x20
1x19 3x18 23875209x20
3x17 1x16 41378434x20
49372693x20
6591830x20 1x19
3x18 1x9 31774415x20
2x17 2x16 2254436x20
3x19 1x18 33718817x20
4x17 25518023x20
4x19 25396015x20
2x18 1x17 1x9 20481174x20
19672787x20 1x19
6044283x20 2x15
18863190x20 3x15
45954270x20 2x12
15144759x20 1x15 1x12
34659988x20 1x15 1x12
8981727x20 2x18 1x15
5113584x20 2x12
19757082x20 2x18 1x15
18769255x20 1x18 2x15
2x18 2x15 38415609x20
1x18 3x15 13832935x20
4x18 96004x20
11093586x20 1x18 2x15
27600482x20 2x15 1x12
38174525x20 1x15
1337518x20 1x12 1x9
41448636x20 2x12
45626278x20 2x15 1x12
2x18 2x15 24267869x20
15599640x20 1x15 2x12
2x18 1x17 1x9 1x5 31915590x19
2x18 2x17 45466158x19
3x17 1x9 46585159x19
2x18 1x17 1x9 1x5 38102702x19
4x17 4118625x19
30438148x19 3x18
3x18 1x17 38311619x19
39533521x19 1x9
3x17 1x9 34681487x19
2x18 1x17 1x9 1x5 34007011x19
2x18 1x17 1x9 1x5 11093682x19
3x18 1x17 49799545x19
5858874x19 1x9
36058453x19 2x18 1x9
4x17 30675266x19
1x18 3x17 8696368x19
1x18 2x17 1x9 41651763x19
3114128x19 3x18
31753830x19 1x18 1x9
13633579x19 1x18 1x9
50607859x19 3x17
35919023x19 3x17
1x17 3x16 29448809x19
1x17 3x16 21236047x19
4x16 32785151x19
4x17 35473911x19
24035346x19 2x17 1x16
4x16 1x11 44332408x19
29203923x19 1x16
7504694x19 3x17
4x16 1x11 6118302x19
18521028x19 1x17 1x16
1x17 2x16 1x11 50260432x19
1x17 2x16 1x11 17506881x19
27521382x19 1x16
10818389x19 1x16
3x17 1x16 7401221x19
2x17 1x16 1x13 30855350x19
1690397x19 3x17
48404366x19
4x17 1x1 4327683x20
14797979x20 2x17
2x17 3x11 8871188x20
3x17 1x11 1x8 18255760x20
1675734x20
771384x20 2x17 1x1
4x17 1x11 23163402x20
21497511x20 3x17
3x17 1x11 1x8 15497567x20
28052467x20 3x17
3x17 1x11 1x8 34638371x20
3933210x20 1x17 1x6
4x17 1x8 7759697x20
39311303x20 2x17 1x1
46690382x20 2x17 1x1
2344976x20 1x6
4x17 1x11 45752923x20
8367300x20 2x17 1x11
4x17 1x11 26270356x20
3x17 2x11 30440416x20
1x17 3x13 8295232x18
33448968x18 2x17 1x13
2x17 1x13 1x10 26722802x18
13399073x18
2x17 1x13 1x10 41099548x18
30119814x18 3x17
34105232x18 1x13
4x17 24420133x18
3x17 1x7 5886051x18
52511338x18 3x17
2x17 2x13 21849034x18
41505886x18 1x17 2x10
2x17 2x13 37535232x18
52784186x18 2x17 1x13
3x17 1x13 38979378x18
3x17 1x10 257445x18
3x17 1x13 35052794x18
30579434x18 2x17 1x10
2x17 2x13 53031766x18
42701769x18 2x17
4x15 55494444x18
3x15 1x14 36835539x18
20080190x18 1x15 1x14
49986907x18 1x15 1x14
4x14 35520129x18
4x15 52353438x18
1x15 4x14 50929283x18
11833209x18 2x15
27775637x18 2x15 1x14
4x15 14654475x18
4x15 19358824x18
38154434x18
22716244x18 2x15 1x14
5x14 36302600x18
26686195x18 1x15 1x14
2x15 2x14 5715031x18
1x15 3x14 1x10 27925506x18
30216551x18 3x15
2x15 2x14 558908x18
3x15 1x14 51224308x18
3x16 1x8 45102729x18
37627128x18 2x16 1x11
4x16 2770342x18
15338791x18 1x11 1x8
35703400x18 1x16 1x11
896751x18 1x16 1x8
14296526x18 1x16
15368095x18 1x11 1x8
40616025x18 1x16 1x8
6910635x18 1x16
11252536x18
3235815x18 3x16
4518077x18 2x16
53264492x18 1x11 1x8
435729x18 1x16
32862744x18 2x16 1x8
3x16 1x8 1099722x18
5492531x18 1x11
46706224x18
17577467x18 2x16 1x11
47666484x20 3x18 1x1
3x18 1x12 1x5 20599310x20
4x18 6880598x20
3x18 1x12 11775060x20
4x18 1x5 36086035x20
8862846x20 2x18 1x5
3x18 1x10 1x5 7175869x20
4x18 1x1 7048777x20
4x18 34263884x20
4x18 1x1 37150556x20
3x18 1x12 14714881x20
23868335x20 2x18 1x5
3x18 1x10 1x5 754011x20
30908519x20 2x18 1x5
3x18 1x12 1x5 36223995x20
356447x20
4728499x20 2x18 1x5
37639622x20 2x18 1x5
18725692x20
4x18 1x5 45833018x20
5859716x15 2x10
8756996x15 1x12
7323019x15 2x10
57147155x15 1x10
42763078x15 2x12
52078823x15 1x12
54848508x15 2x10
35944892x15 3x12
64978114x15 1x10
65481231x15 1x12 2x10
3x12 1x10 6845897x15
58297822x15
4x12 13180657x15
3x12 1x10 64820083x15
62589474x15 1x12 1x10
9828709x15 2x10
3x12 2x10 42172584x15
31124916x15 1x12 1x10
41206394x15 1x12 1x10
24249992x15 2x12
2x14 2x12 51809694x17
9818749x17 1x14
3x14 1x12 38785640x17
1x14 3x12 1x11 23337303x17
22115571x17 1x12
55999600x17 3x14
3x14 1x12 16562302x17
34605198x17 1x12
4x14 1x11 44731917x17
4x14 12887786x17
54894712x17 1x14 1x12
7960377x17 1x12
21927814x17 1x14 1x12
35265900x17 1x12
4x14 1x11 45334169x17
10332161x17 3x14
2x14 2x12 25703854x17
2x14 2x12 20583326x17
4x14 1x11 57320113x17
4x14 56069680x17
2x18 2x12 1x5 32838791x19
17721380x19 2x12
30925722x19 2x18
2x18 2x12 1x5 1810025x19
2x18 2x12 14058994x19
2691622x19 2x12
31807130x19 2x18 1x12 1x3
7356596x19 1x18 2x12
26308748x19 2x18
3x18 1x12 10556257x19
3x18 1x12 37878957x19
36167050x19 2x18
16796016x19 2x18 1x12
2x18 2x12 1x5 12527986x19
15322364x19 2x18
3x18 1x12 1937157x19
31999065x19 2x18 1x12
2x18 2x12 49814727x19
3x18 1x12 1x5 44840883x19
31478061x19 2x18 1x12
3x16 1x13 47445287x19
1x17 3x16 13095851x19
2x18 2x17 48837910x19
36309687x19 2x18
1x17 3x16 6793195x19
2x17 1x16 1x13 38900646x19
2x18 2x17 35210970x19
4x18 16744391x19
1x17 3x16 9279412x19
2x18 2x17 31302200x19
3x17 1x16 8241649x19
3x18 1x17 22000115x19
3x17 1x16 3162597x19
1x17 3x16 37199760x19
1x17 2x16 1x13 45717638x19
1x18 3x17 32445619x19
4x18 42418835x19
3x18 1x17 33065874x19
1x17 2x16 1x13 30856130x19
2x16 2x13 4135955x19
1x17 3x15 24449986x20
2x17 2x15 1x12 22522588x20
47887338x20 1x15
21124767x20 2x17 1x15
10369881x20 2x17
3x17 1x12 17510471x20
23052364x20 2x17 1x15
3x17 1x15 1x12 26319023x20
8037443x20 2x17
4x17 23976360x20
2x17 1x15 2x12 17386548x20
18128592x20
18623549x20 1x15
28977880x20 2x17
2x17 2x15 2180989x20
2x17 1x15 1x12 21130006x20
22858156x20 1x17 1x15
1x17 3x15 16232485x20
39353922x20 3x15
1490527x20 3x17
4x14 59862667x15
9200160x15 2x14 1x12
3x12 1x11 44384092x15
2x12 2x11 32207335x15
32837677x15 2x14 1x12
47701638x15 1x14
19560272x15
2x12 2x11 46143099x15
4x14 66166852x15
2x12 2x11 14092407x15
2x14 1x12 1x11 28949483x15
2x14 1x12 1x11 13251735x15
1x14 2x12 1x11 13795664x15
10827336x15 3x14
64136717x15 3x14
2x14 1x12 1x11 55456566x15
2x14 1x12 1x11 44119852x15
28352885x15 2x14 1x12
3x14 1x11 39606985x15
2604863x15
45940127x16 1x12 1x10
59347093x16 2x12 1x10
40400797x16 1x12 1x10
59059768x16 1x5
39422092x16 3x12 1x5
50192840x16 1x12
31150808x16 1x12 1x10 1x5
55888688x16 3x12
57155115x16 3x12 1x10
20424237x16 2x12
42389161x16 1x12 1x10
14189888x16
3x12 1x10 1x5 4105408x16
15039723x16 2x12
39688891x16 2x12
23911427x16
56877181x16 2x12 1x10 1x5
49144336x16 3x12 1x5
60659022x16 3x12 1x10
32338580x16 3x12
16447178x20 1x15
6729713x20 1x15
3x15 2x14 23503969x20
3x15 2x14 18881349x20
3x15 2x14 36872226x20
2x15 2x14 1x9 39461019x20
2006547x20 2x15
13745769x20 3x14
1x15 4x14 25683032x20
41066083x20 3x15 1x14
33139448x20 1x1
45311000x20 1x14
22930285x20 1x1
42851919x20 3x15 1x14
30626647x20 2x15 1x14
22191993x20
1x15 3x14 1x9 26004369x20
43069162x20 2x14
2624242x20 3x14
2x15 3x14 47274971x20
22920143x18 1x10
15248178x18 1x15
1x15 2x12 2x10 16630499x18
1140401x18 1x15 1x10
3x15 2x10 47561627x18
24675362x18 2x15
24117112x18 2x15
31930551x18 3x15
3x15 2x10 43692464x18
25154626x18 2x15 2x10
52466745x18 1x15 1x10
11218329x18 2x15
25980439x18 2x10
4x15 1x10 15968552x18
3x15 1x10 26981774x18
2x15 1x12 2x10 13250608x18
12304188x18 2x15 2x10
4959847x18 2x15
2x15 1x12 2x10 15208325x18
51965336x18 2x10
4x19 29935902x20
49318375x20 2x14
3x19 1x5 12981376x20
3x19 1x14 15753097x20
2x19 1x14 1x13 36141250x20
14441231x20 2x19
2x19 2x13 39889408x20
6226921x20 1x14
15934043x20 3x19
29785319x20 1x14
3x19 1x5 36803822x20
3x19 1x13 30418839x20
25294502x20 1x19
47859262x20 2x19 1x5
43004293x20 1x19 1x14
3x19 1x14 16498671x20
3x19 1x13 19416457x20
4x19 17785178x20
5052901x20
20054476x20 2x19 1x14