13 14
1 4
7 14
1 14
4 20
1 1
1 14
4 4
7 14
4 4
13 16
13 20
7 13
13 14
13 13
4 4
4 14
4 13
14 20
13 20
17 17
6 17
17 17
6 6
15 15
5 13
5 6
6 15
15 15
7 15
6 13
7 13
15 15
15 17
5 13
5 6
1 1
5 6
13 13
6 13
4 17
3 4
1 11
11 11
11 17
3 17
11 11
18 19
11 11
1 11
1 18
1 3
3 3
18 18
11 18
11 17
11 19
1 11
1 11
11 19
8 8
8 14
3 14
3 3
1 13
3 15
8 17
13 13
13 14
8 8
3 14
3 3
13 14
8 17
8 17
17 17
8 13
3 15
8 17
8 17
18 19
1 8
16 19
11 16
1 19
8 11
16 19
1 19
11 16
8 11
11 19
8 16
6 6
11 16
11 18
11 16
16 19
11 16
6 11
8 16
8 8
9 18
8 8
18 19
18 19
8 8
1 13
18 19
1 18
9 13
8 8
3 9
1 8
8 13
8 8
3 8
1 1
3 3
1 13
13 18
10 13
13 15
12 13
1 6
12 15
1 13
15 17
6 6
10 13
15 15
6 13
10 13
12 15
15 17
12 13
12 17
13 13
12 15
1 1
1 13
6 11
3 3
11 14
9 10
3 6
6 9
6 11
6 6
1 10
6 6
6 6
3 10
6 6
6 6
10 11
10 10
6 9
10 11
3 11
1 10
14 20
1 20
5 18
1 20
14 14
14 20
1 20
5 8
1 6
5 20
14 18
6 6
5 20
20 20
8 18
1 6
6 18
5 6
18 20
1 8
7 11
1 16
7 16
19 19
11 11
7 7
7 7
11 16
11 16
3 3
7 11
1 19
11 11
7 11
7 16
15 15
11 11
3 7
16 19
3 7
7 20
6 6
14 20
7 14
1 1
12 14
12 14
6 14
5 5
7 20
7 12
14 20
6 7
7 14
6 7
6 7
12 14
5 20
12 14
6 14
1 9
18 18
14 17
10 10
1 10
10 17
1 9
9 17
9 14
10 19
1 10
14 14
9 17
10 10
9 14
14 19
14 14
17 17
10 10
1 10
9 11
9 11
11 11
11 13
2 19
2 2
13 19
13 13
2 9
11 13
7 9
9 19
1 9
1 2
2 7
13 19
9 19
1 2
11 19
7 7
6 16
6 13
1 3
6 13
1 10
10 17
6 10
10 10
1 17
3 10
13 13
1 1
1 17
13 16
1 3
13 16
13 13
3 10
10 17
3 10
4 5
1 4
8 8
5 5
4 4
5 5
4 18
1 1
5 7
4 4
5 7
7 7
7 7
8 18
8 9
1 4
1 4
5 8
1 18
4 7
12 18
8 12
7 7
7 8
7 7
8 17
2 7
12 12
8 12
7 12
2 7
8 17
8 8
7 7
8 17
7 12
17 17
18 18
7 12
1 12
6 9
12 15
4 6
11 12
15 15
1 4
9 12
9 9
9 9
9 11
9 12
4 12
1 6
6 6
9 9
6 9
4 15
9 11
4 12
4 12
5 12
11 20
9 12
12 16
9 16
11 16
11 20
9 20
5 5
9 16
9 16
12 12
5 9
5 11
9 12
9 11
5 5
9 20
1 5
5 9
7 15
8 15
1 16
8 15
8 15
8 15
8 13
7 7
15 16
1 1
13 15
13 16
13 16
13 15
8 15
6 7
7 7
8 13
7 8
13 16
1 3
7 8
9 9
10 19
1 7
3 8
3 7
3 10
9 19
3 7
1 3
3 10
3 8
3 10
10 10
9 10
1 8
3 19
10 10
1 8
6 18
18 18
9 10
1 10
1 16
9 20
6 16
9 9
18 18
18 18
1 16
1 16
16 16
18 18
10 20
9 20
1 10
9 9
9 16
1 1
17 18
5 17
6 6
5 5
5 6
6 17
9 19
1 1
9 9
6 19
17 18
18 19
5 17
1 19
6 9
9 19
5 6
18 18
9 17
6 18
17 19
19 20
5 19
2 19
5 17
17 17
1 15
5 15
1 1
15 17
1 2
5 15
1 5
17 20
5 17
17 19
2 19
5 17
19 20
17 17
11 16
8 10
7 8
8 11
7 8
8 8
8 16
16 16
10 10
7 8
8 8
1 10
11 11
1 10
8 8
1 7
11 11
7 10
6 6
8 10
9 9
10 14
14 17
1 14
7 7
1 10
7 10
9 14
10 16
10 14
10 10
16 17
1 10
9 10
16 17
16 16
9 9
10 10
9 9
1 10
5 9
3 9
3 5
1 8
1 8
1 8
9 10
3 19
10 10
9 9
5 19
10 10
10 10
5 5
5 9
10 19
3 3
3 19
9 9
5 5
5 5
14 14
17 18
5 8
5 8
18 18
17 17
17 17
8 18
14 16
8 8
1 5
5 14
5 18
8 14
5 18
8 18
17 17
1 14
1 17
3 8
11 12
1 1
1 12
3 9
11 12
12 12
3 3
1 3
12 12
3 11
12 12
9 11
3 8
3 9
1 3
8 11
9 16
11 12
9 11
7 14
19 20
14 14
8 19
1 1
8 8
8 19
14 14
7 19
2 7
7 14
2 7
2 7
2 7
19 19
1 7
19 20
14 14
1 2
7 8
13 13
13 15
8 13
6 13
6 18
1 6
18 18
6 13
13 13
1 8
8 13
10 13
1 1
6 8
6 18
1 6
8 13
8 10
6 6
13 15
16 16
2 7
10 16
3 3
7 10
1 1
16 16
3 7
3 8
3 7
8 16
7 10
1 1
8 8
8 8
7 10
10 16
2 7
8 16
10 10
1 1
4 19
11 11
15 15
4 19
1 10
4 10
10 11
15 18
18 18
11 18
11 18
4 15
1 10
10 15
4 10
11 11
18 19
4 15
15 15
7 11
5 11
1 2
5 7
11 11
14 19
7 14
5 11
19 19
1 19
2 7
2 2
5 7
1 5
5 11
1 5
1 14
1 7
19 19
7 14
12 15
12 15
1 8
3 19
15 15
1 8
3 15
12 12
3 19
3 15
15 15
3 3
15 19
1 1
8 8
1 12
1 1
8 8
16 19
8 12
17 17
17 18
5 13
6 13
5 17
5 6
1 13
5 13
6 13
5 5
1 13
17 17
1 6
1 13
17 17
5 6
5 17
5 6
10 18
1 13
20 20
7 17
7 17
17 17
17 17
3 3
4 7
3 4
7 14
7 14
7 17
3 17
3 3
1 14
4 4
3 3
3 20
7 14
7 20
3 7
14 18
2 13
13 13
1 2
18 18
12 13
2 12
2 17
12 17
13 13
2 13
2 13
2 17
13 17
13 13
12 13
1 12
1 1
2 12
12 13
8 15
19 19
11 11
15 15
1 19
8 20
1 8
15 15
1 1
15 20
19 19
1 11
8 11
15 20
11 15
7 8
1 20
11 15
11 15
8 8
2 7
2 4
6 7
2 7
7 7
7 12
1 14
1 14
4 12
1 1
6 14
1 6
6 14
6 7
4 7
7 7
12 14
4 12
12 14
4 12
10 12
10 12
1 15
7 10
1 15
10 15
1 15
7 10
10 10
5 7
12 12
10 19
7 19
12 19
12 15
12 12
1 5
7 10
5 7
1 7
12 12
3 14
6 10
3 6
13 14
6 6
13 13
3 6
3 12
10 10
3 6
1 1
12 13
10 13
6 12
6 10
3 6
6 10
10 13
13 13
6 6
16 17
16 16
6 8
17 20
1 8
20 20
1 17
11 17
11 20
11 11
6 6
1 1
1 6
1 20
17 20
17 20
11 11
16 17
8 17
10 13
7 8
3 3
10 13
10 13
10 20
8 10
3 10
1 1
3 3
8 10
1 8
1 1
8 8
13 20
3 3
7 7
8 8
8 20
20 20
6 15
1 15
11 15
15 15
6 15
17 17
1 19
11 20
6 6
15 15
6 17
1 6
6 6
15 17
19 20
6 6
1 19
15 17
11 17
15 20
1 4
4 14
4 4
10 14
4 4
6 17
4 4
7 7
4 4
1 14
4 14
6 6
1 6
10 14
6 10
10 10
7 14
6 17
10 14
6 7
13 16
1 13
12 15
8 12
12 13
1 12
12 15
1 13
8 13
16 16
13 16
12 15
1 1
15 16
15 16
16 19
15 16
1 12
13 16
15 19
2 13
2 14
1 13
2 16
2 20
16 16
18 18
1 18
16 18
2 20
2 20
1 18
1 13
2 13
2 14
20 20
1 18
16 16
1 20
1 2
8 10
10 10
15 16
8 14
10 17
16 16
1 10
10 10
16 16
10 17
16 17
8 15
10 14
15 16
16 17
15 16
1 14
10 14
10 14
15 16
13 14
16 16
7 14
1 5
1 16
7 13
7 16
14 15
1 16
1 7
15 16
1 16
7 13
7 7
5 13
7 7
14 15
15 15
13 14
7 13
4 16
1 3
15 15
3 14
4 16
15 15
15 16
3 3
4 16
3 4
4 17
15 15
4 17
4 16
14 14
15 16
1 15
1 4
1 15
15 16
2 4
1 19
4 14
15 15
15 19
4 14
4 12
2 12
15 19
4 12
1 4
1 2
14 15
14 19
1 12
14 19
15 19
14 19
2 15
2 12
10 10
5 10
1 15
10 13
10 15
15 16
1 5
13 13
9 15
13 15
10 10
5 5
1 10
9 9
13 13
13 13
5 9
1 15
10 15
1 5
14 19
5 5
6 14
16 16
4 14
14 14
6 14
5 19
5 6
6 16
5 5
6 19
1 16
1 14
4 19
14 14
4 14
14 19
1 16
6 14
7 20
17 20
7 17
4 5
5 17
1 5
4 5
5 7
7 20
4 17
18 20
18 18
7 20
5 17
4 5
4 4
4 17
4 17
1 4
1 18
12 20
12 12
1 19
5 20
1 12
1 5
7 19
2 7
19 19
5 20
2 7
1 2
12 19
1 7
2 19
5 7
1 19
12 12
1 7
2 7
15 16
18 19
16 18
3 19
3 18
3 12
16 19
3 16
12 12
19 19
1 3
3 19
15 15
3 19
1 19
15 16
1 16
12 16
1 15
15 16
6 15
9 20
1 6
6 9
6 15
6 19
1 1
15 20
1 9
15 20
15 19
6 15
1 15
1 15
2 6
6 15
6 20
6 20
15 20
2 9
10 16
12 12
1 4
1 3
1 4
12 16
12 16
3 8
3 8
3 8
12 12
10 10
10 16
10 10
1 4
3 8
4 10
3 12
1 16
1 3
12 12
1 4
1 4
17 17
5 12
1 2
4 17
1 12
4 17
4 17
12 19
12 12
4 12
12 19
1 17
1 1
5 17
4 17
12 19
4 17
1 15
15 15
4 7
1 1
5 15
4 20
3 20
3 4
5 15
1 1
4 4
3 15
20 20
4 5
4 7
3 15
7 15
4 5
15 20
15 15
12 12
17 18
4 12
1 17
13 17
13 18
13 17
1 18
12 12
12 13
1 18
4 17
4 18
4 17
1 17
12 20
12 12
20 20
12 13
4 13
19 20
5 16
1 19
16 16
16 16
16 16
16 20
12 12
5 12
12 19
5 20
5 20
5 12
5 5
12 19
16 16
12 12
5 16
3 16
3 5
6 13
3 13
2 13
3 6
11 18
3 6
11 13
1 6
1 2
11 18
2 11
13 18
6 11
1 6
6 6
3 6
3 18
3 6
3 6
2 3
18 19
17 17
17 17
5 19
5 14
18 18
1 14
14 18
18 19
14 14
18 18
1 14
14 14
18 19
1 20
18 19
19 19
14 17
18 18
5 17
15 17
15 20
1 1
15 20
4 20
6 20
6 20
8 15
4 6
4 15
20 20
4 6
15 17
6 8
8 15
1 8
8 15
8 15
17 20
1 4
9 14
1 9
14 14
9 18
3 12
12 14
1 3
1 1
12 14
3 12
1 9
12 12
9 9
14 17
9 9
12 14
1 18
1 9
3 17
3 12
16 16
1 16
5 15
15 15
4 5
5 16
5 14
1 4
15 16
5 15
14 15
5 14
16 17
15 16
5 17
1 1
16 16
14 14
16 17
5 15
1 12
1 12
3 3
3 12
5 5
3 9
3 16
3 5
5 12
9 12
9 12
16 16
3 9
9 16
12 12
16 20
16 16
3 20
3 3
5 12
1 10
11 19
2 6
2 7
6 7
2 6
10 11
11 11
2 6
1 2
10 11
6 19
2 6
11 19
6 6
6 7
6 19
6 7
10 19
7 11
6 13
11 13
5 5
5 13
5 20
5 11
6 6
1 13
5 6
1 13
1 13
5 13
5 16
6 11
13 16
13 16
5 11
5 6
6 13
5 16
7 11
6 7
6 7
7 14
11 15
7 16
6 11
6 11
11 16
7 14
7 14
6 11
7 7
1 7
6 14
6 6
7 14
6 11
11 16
7 14
20 20
13 20
17 17
1 1
2 2
2 12
12 12
2 13
17 17
6 12
1 6
17 17
1 2
2 6
12 17
2 6
2 12
13 13
6 12
1 1
8 8
2 19
20 20
2 19
2 20
1 8
1 12
2 19
12 16
2 8
2 19
1 2
16 20
19 19
1 16
12 16
8 12
2 16
2 19
2 12
1 6
5 12
12 14
14 19
5 12
6 12
4 19
12 12
5 14
6 14
12 12
6 12
1 6
12 12
4 5
6 14
6 14
1 14
6 12
12 12
7 20
4 17
2 20
4 17
1 4
7 7
19 20
2 17
4 4
1 2
2 17
2 20
7 7
17 20
1 17
19 19
7 19
1 2
1 4
4 17
1 18
1 20
7 18
1 20
7 19
6 18
18 19
1 18
6 6
7 18
6 18
7 20
7 11
1 20
1 7
6 6
11 20
1 7
7 20
1 19
4 9
3 18
10 10
4 18
4 4
4 4
10 18
9 10
1 10
9 9
4 10
10 19
4 19
1 3
18 19
10 10
10 10
10 18
9 10
4 4
2 14
1 20
2 20
2 20
2 3
2 2
4 14
3 14
2 3
14 15
2 2
2 20
3 20
4 14
4 20
4 14
14 15
2 2
3 4
4 20
8 8
2 15
1 8
1 8
1 4
2 8
15 16
1 8
8 8
1 8
16 16
1 2
1 12
2 16
2 15
2 15
1 4
12 12
12 12
8 8
9 11
9 9
7 8
1 4
4 8
7 8
7 8
7 8
1 9
1 4
4 4
7 7
1 4
7 7
1 8
4 7
7 7
11 11
7 8
4 4
4 12
10 17
1 4
1 4
4 4
10 17
4 10
2 16
4 12
2 4
4 4
2 2
1 10
10 12
1 10
10 12
17 17
10 17
2 4
4 17
1 2
8 14
1 1
1 1
19 19
7 10
10 14
7 8
7 14
8 10
8 14
10 10
2 7
1 7
8 14
10 19
7 8
10 19
8 14
7 19
13 13
9 15
1 7
17 17
1 7
1 7
7 7
9 13
15 17
9 13
15 15
17 18
7 13
7 7
7 9
1 7
7 7
7 7
1 7
9 13
10 11
13 18
11 18
11 19
10 18
9 18
9 9
10 10
11 18
11 19
9 18
1 9
18 18
11 11
18 19
11 13
10 18
13 18
18 19
10 18
4 10
11 13
1 4
11 14
8 10
4 13
4 13
4 10
10 11
4 13
4 10
1 1
4 8
11 11
4 8
4 8
10 11
10 10
4 11
8 11
5 5
5 5
4 4
5 6
4 4
2 19
1 4
2 4
5 5
6 19
4 9
4 9
1 4
5 9
2 5
1 19
5 19
5 5
4 5
2 5
13 18
1 19
11 11
13 20
19 19
13 18
18 19
18 18
13 18
1 19
19 19
1 18
1 1
11 11
13 18
11 11
1 18
19 19
19 19
19 20
1 9
11 17
1 11
10 11
9 9
1 11
11 17
9 17
10 11
1 4
1 9
9 9
10 10
10 20
10 20
9 10
4 9
4 11
4 9
4 10
5 5
1 3
11 15
8 8
3 5
9 11
5 8
3 9
3 5
8 9
3 5
1 8
9 9
3 9
5 9
11 15
8 8
3 5
8 15
3 3
7 18
4 4
13 18
7 7
4 6
2 4
4 7
2 13
2 7
1 6
2 7
1 6
13 18
13 18
6 7
1 4
7 7
4 18
2 7
7 7
5 9
9 20
1 4
1 4
4 9
9 13
13 20
5 9
18 20
5 5
9 13
1 5
13 18
1 1
1 5
4 4
5 9
4 13
5 9
9 13
4 4
4 13
4 13
1 4
7 8
13 13
19 19
7 7
8 13
4 13
2 8
7 8
7 7
13 19
7 7
2 8
4 13
8 13
2 7
7 8
10 15
3 18
3 10
9 15
1 3
10 15
16 18
16 18
16 18
16 18
10 18
9 18
1 3
3 10
1 16
10 15
9 18
9 9
9 10
15 16
1 1
6 18
20 20
1 14
16 16
18 18
7 14
7 14
6 7
1 6
14 16
20 20
20 20
16 18
1 16
1 6
6 6
1 18
18 18
14 16
12 12
17 17
12 17
5 16
12 19
1 19
12 16
17 17
5 12
16 16
5 12
12 19
17 18
12 17
1 18
5 16
18 19
1 17
1 17
1 1
1 14
14 18
3 14
3 11
13 14
11 18
3 13
3 13
3 9
9 14
1 14
11 13
3 3
14 18
3 13
3 18
18 18
3 3
3 11
1 18
6 15
3 13
1 6
1 14
14 15
1 13
3 13
3 6
3 6
13 13
6 14
14 19
3 15
1 6
1 14
15 19
1 6
15 19
6 14
6 19
5 5
5 9
1 5
9 17
9 17
1 14
11 14
5 14
17 17
14 14
20 20
1 14
11 14
9 9
1 14
5 5
14 17
17 17
1 14
14 17
18 19
5 8
13 14
14 19
5 19
8 8
1 8
1 5
1 8
5 14
1 14
13 13
1 13
14 18
14 19
5 14
5 14
14 18
8 13
5 14
7 8
13 18
8 14
1 18
1 18
4 7
4 7
7 8
8 13
8 14
7 8
7 8
4 14
1 4
7 7
7 18
8 14
7 7
4 4
8 14